{
  "RSpec": {
    "coverage": {
      "/home/sarcasm/study/bookstore/spec/models/ability_spec.rb": [
        null,
        1,
        1,
        null,
        1,
        1,
        2,
        2,
        null,
        1,
        1,
        null,
        null,
        1,
        2,
        null,
        null,
        null,
        1,
        16,
        16,
        null,
        1,
        15,
        null,
        null,
        1,
        2,
        2,
        2,
        2,
        null,
        2,
        2,
        2,
        2,
        null,
        null,
        1,
        2,
        2,
        2,
        2,
        2,
        2,
        2,
        null,
        null,
        null,
        1,
        12,
        12,
        null,
        1,
        11,
        null,
        null,
        1,
        2,
        2,
        2,
        2,
        null,
        null,
        1,
        2,
        2,
        2,
        2,
        2,
        2,
        2,
        null,
        null,
        null
      ],
      "/home/sarcasm/study/bookstore/spec/rails_helper.rb": [
        1,
        1,
        1,
        0,
        null,
        1,
        1,
        1,
        1,
        null,
        2,
        null,
        1,
        1,
        1,
        1,
        1,
        null,
        null,
        null,
        1,
        1,
        1,
        null,
        1,
        1,
        1,
        null,
        null,
        1,
        27,
        27,
        27,
        null,
        27,
        null,
        null,
        1,
        1,
        1,
        null,
        1,
        null,
        null,
        1,
        1,
        1,
        null,
        null,
        null,
        1,
        null
      ],
      "/home/sarcasm/study/bookstore/config/environment.rb": [
        null,
        1,
        null,
        null,
        1
      ],
      "/home/sarcasm/study/bookstore/config/application.rb": [
        1,
        null,
        1,
        null,
        1,
        null,
        1,
        1,
        1,
        null,
        null
      ],
      "/home/sarcasm/study/bookstore/config/boot.rb": [
        1,
        null,
        1
      ],
      "/home/sarcasm/study/bookstore/config/environments/test.rb": [
        1,
        1,
        null,
        null,
        null,
        null,
        null,
        null,
        null,
        1,
        null,
        null,
        null,
        null,
        1,
        null,
        null,
        1,
        1,
        null,
        null,
        1,
        1,
        null,
        null,
        1,
        null,
        null,
        1,
        null,
        null,
        null,
        null,
        1,
        null,
        null,
        1,
        null,
        null,
        1,
        null,
        null,
        null,
        null
      ],
      "/home/sarcasm/study/bookstore/config/initializers/assets.rb": [
        null,
        null,
        null,
        1,
        null,
        null,
        null,
        null,
        null,
        null,
        null,
        null
      ],
      "/home/sarcasm/study/bookstore/config/initializers/backtrace_silencers.rb": [
        null,
        null,
        null,
        null,
        null,
        null,
        null,
        null,
        null
      ],
      "/home/sarcasm/study/bookstore/config/initializers/cookies_serializer.rb": [
        null,
        null,
        1
      ],
      "/home/sarcasm/study/bookstore/config/initializers/devise.rb": [
        null,
        null,
        1,
        null,
        null,
        null,
        null,
        null,
        1,
        null,
        null,
        null,
        null,
        null,
        1,
        null,
        null,
        null,
        null,
        null,
        null,
        null,
        null,
        1,
        null,
        null,
        null,
        null,
        null,
        null,
        null,
        null,
        null,
        null,
        null,
        null,
        null,
        null,
        null,
        null,
        null,
        null,
        null,
        null,
        null,
        1,
        null,
        null,
        null,
        null,
        1,
        null,
        null,
        null,
        null,
        null,
        null,
        null,
        null,
        null,
        null,
        null,
        null,
        null,
        null,
        null,
        null,
        null,
        null,
        null,
        null,
        null,
        null,
        null,
        null,
        null,
        null,
        null,
        null,
        null,
        null,
        1,
        null,
        null,
        null,
        null,
        null,
        null,
        null,
        null,
        null,
        null,
        null,
        null,
        null,
        null,
        null,
        null,
        1,
        null,
        null,
        null,
        null,
        null,
        null,
        null,
        null,
        null,
        null,
        null,
        null,
        null,
        null,
        null,
        null,
        null,
        null,
        null,
        null,
        null,
        null,
        null,
        null,
        null,
        null,
        null,
        1,
        null,
        null,
        null,
        null,
        null,
        null,
        null,
        null,
        null,
        1,
        null,
        null,
        null,
        null,
        null,
        null,
        null,
        null,
        null,
        null,
        1,
        null,
        null,
        null,
        null,
        null,
        null,
        null,
        null,
        null,
        null,
        null,
        null,
        null,
        null,
        null,
        null,
        null,
        null,
        null,
        null,
        null,
        null,
        null,
        null,
        null,
        null,
        null,
        null,
        null,
        null,
        null,
        null,
        null,
        null,
        null,
        null,
        null,
        null,
        null,
        null,
        null,
        null,
        null,
        null,
        null,
        1,
        null,
        null,
        null,
        null,
        null,
        null,
        null,
        null,
        null,
        null,
        null,
        null,
        null,
        null,
        null,
        null,
        null,
        null,
        null,
        null,
        null,
        null,
        null,
        null,
        null,
        null,
        null,
        null,
        null,
        null,
        null,
        null,
        null,
        null,
        null,
        null,
        null,
        null,
        null,
        null,
        null,
        1,
        null,
        null,
        null,
        null,
        null,
        null,
        null,
        null,
        null,
        null,
        null,
        null,
        null,
        null,
        null,
        null,
        null,
        null,
        null,
        null,
        null,
        null,
        null,
        null,
        null,
        null,
        null,
        null,
        null
      ],
      "/home/sarcasm/study/bookstore/config/initializers/filter_parameter_logging.rb": [
        null,
        null,
        null,
        1
      ],
      "/home/sarcasm/study/bookstore/config/initializers/inflections.rb": [
        null,
        null,
        null,
        null,
        null,
        null,
        null,
        null,
        null,
        null,
        null,
        null,
        null,
        null,
        null,
        null
      ],
      "/home/sarcasm/study/bookstore/config/initializers/mime_types.rb": [
        null,
        null,
        null,
        null
      ],
      "/home/sarcasm/study/bookstore/config/initializers/rails_admin.rb": [
        1,
        null,
        null,
        1,
        1,
        0,
        null,
        1,
        null,
        1,
        null,
        1,
        1,
        1,
        1,
        1,
        1,
        1,
        1,
        1,
        1,
        null,
        null
      ],
      "/home/sarcasm/study/bookstore/config/initializers/session_store.rb": [
        null,
        null,
        1
      ],
      "/home/sarcasm/study/bookstore/config/initializers/wrap_parameters.rb": [
        null,
        null,
        null,
        null,
        null,
        null,
        null,
        1,
        1,
        null,
        null,
        null,
        null,
        null,
        null
      ],
      "/home/sarcasm/study/bookstore/config/routes.rb": [
        1,
        1,
        1,
        1,
        null,
        1,
        1,
        null,
        1,
        1,
        1,
        1,
        null,
        1,
        null,
        1,
        1,
        1,
        1,
        1,
        1,
        null,
        null,
        1,
        null
      ],
      "/home/sarcasm/study/bookstore/app/models/user.rb": [
        1,
        null,
        null,
        1,
        null,
        null,
        1,
        1,
        null,
        1,
        1,
        1,
        null,
        1,
        null,
        1,
        0,
        null,
        null,
        1,
        0,
        null,
        null
      ],
      "/home/sarcasm/study/bookstore/app/helpers/application_helper.rb": [
        1,
        1,
        0,
        null,
        0,
        0,
        null,
        0,
        0,
        null,
        null
      ],
      "/home/sarcasm/study/bookstore/app/helpers/books_helper.rb": [
        1,
        1,
        0,
        null,
        null,
        1,
        0,
        0,
        null,
        0,
        null,
        null
      ],
      "/home/sarcasm/study/bookstore/app/helpers/checkouts_helper.rb": [
        1,
        null
      ],
      "/home/sarcasm/study/bookstore/app/helpers/devise_helper.rb": [
        1,
        1,
        0,
        null,
        null,
        null,
        null,
        1,
        null,
        0,
        0,
        0,
        null,
        null,
        null,
        1,
        0,
        null,
        null,
        null,
        null,
        1,
        0,
        null,
        null,
        null,
        null,
        1,
        0,
        null,
        null,
        null,
        null,
        null,
        null,
        null,
        null,
        1,
        0,
        null,
        null,
        1,
        0,
        null,
        null,
        1,
        0,
        null,
        null,
        1,
        null,
        1,
        0,
        null,
        null,
        1,
        0,
        null,
        null,
        null,
        null,
        0,
        null,
        null,
        1,
        0,
        null,
        null,
        1,
        0,
        null,
        null,
        1,
        0,
        null,
        null
      ],
      "/home/sarcasm/study/bookstore/app/helpers/orders_helper.rb": [
        1,
        1,
        0,
        null,
        0,
        0,
        0,
        null,
        null,
        null,
        null,
        1,
        0,
        null,
        null,
        null,
        null,
        null,
        null,
        null,
        null,
        null,
        1,
        0,
        null,
        null,
        null,
        null,
        null,
        null,
        1,
        null,
        0,
        0,
        null,
        null,
        1,
        null,
        1,
        0,
        null,
        null,
        1,
        0,
        null,
        null
      ],
      "/home/sarcasm/study/bookstore/app/helpers/reviews_helper.rb": [
        1,
        null
      ],
      "/home/sarcasm/study/bookstore/app/helpers/shopping_carts_helper.rb": [
        1,
        1,
        0,
        0,
        null,
        null,
        null
      ],
      "/home/sarcasm/study/bookstore/spec/matchers/currency_validator.rb": [
        1,
        0,
        0,
        0,
        0,
        0,
        null,
        null,
        0,
        0,
        0,
        0,
        null,
        0,
        0,
        0,
        null,
        null,
        0,
        null,
        null,
        0,
        0,
        null,
        null
      ],
      "/home/sarcasm/study/bookstore/spec/support/view_helper.rb": [
        1,
        0,
        null
      ],
      "/home/sarcasm/study/bookstore/app/models/ability.rb": [
        1,
        1,
        null,
        1,
        27,
        27,
        1,
        1,
        1,
        null,
        26,
        15,
        15,
        15,
        null,
        26,
        26,
        26,
        26,
        null,
        null,
        null
      ],
      "/home/sarcasm/study/bookstore/spec/factories/address.rb": [
        1,
        1,
        173,
        173,
        173,
        173,
        173,
        173,
        173,
        null,
        null
      ],
      "/home/sarcasm/study/bookstore/spec/factories/author.rb": [
        1,
        1,
        1,
        1,
        null,
        null,
        1,
        1,
        1,
        1,
        1,
        null,
        1,
        0,
        0,
        null,
        null,
        null,
        1,
        0,
        0,
        null,
        null,
        null,
        null,
        null
      ],
      "/home/sarcasm/study/bookstore/spec/factories/book.rb": [
        1,
        1,
        1,
        1,
        1,
        null,
        null,
        1,
        1,
        1,
        1,
        1,
        null,
        1,
        0,
        0,
        null,
        null,
        null,
        0,
        0,
        null,
        null,
        null,
        null,
        1,
        0,
        0,
        null,
        null,
        null,
        0,
        0,
        null,
        null,
        null,
        null,
        null
      ],
      "/home/sarcasm/study/bookstore/spec/factories/category.rb": [
        1,
        1,
        1,
        1,
        null,
        null
      ],
      "/home/sarcasm/study/bookstore/spec/factories/coupon.rb": [
        1,
        1,
        1,
        1,
        null,
        null
      ],
      "/home/sarcasm/study/bookstore/spec/factories/order.rb": [
        1,
        1,
        1,
        1,
        1,
        1,
        1,
        null,
        null
      ],
      "/home/sarcasm/study/bookstore/spec/factories/order_item.rb": [
        1,
        1,
        1,
        1,
        1,
        null,
        null
      ],
      "/home/sarcasm/study/bookstore/spec/factories/payment_info.rb": [
        1,
        1,
        1,
        562,
        34,
        34,
        34,
        null,
        null
      ],
      "/home/sarcasm/study/bookstore/spec/factories/review.rb": [
        1,
        1,
        1,
        1,
        1,
        1,
        1,
        null,
        null
      ],
      "/home/sarcasm/study/bookstore/spec/factories/shipment.rb": [
        1,
        1,
        34,
        34,
        null,
        null
      ],
      "/home/sarcasm/study/bookstore/spec/factories/user.rb": [
        1,
        1,
        54,
        54,
        54,
        1,
        1,
        1,
        null,
        null
      ],
      "/home/sarcasm/study/bookstore/app/models/order.rb": [
        1,
        1,
        null,
        1,
        null,
        1,
        null,
        1,
        1,
        1,
        1,
        1,
        1,
        null,
        1,
        33,
        33,
        null,
        null,
        1,
        null,
        1,
        null,
        1,
        1,
        1,
        1,
        1,
        null,
        null,
        1,
        0,
        null,
        null,
        1,
        1,
        1,
        1,
        1,
        1,
        null,
        1,
        1,
        null,
        null,
        1,
        1,
        null,
        null,
        1,
        1,
        null,
        null,
        1,
        1,
        null,
        null,
        null,
        1,
        0,
        0,
        0,
        0,
        0,
        0,
        0,
        0,
        null,
        null,
        1,
        0,
        0,
        null,
        null,
        null,
        1,
        0,
        null,
        null,
        1,
        0,
        null,
        null,
        1,
        0,
        null,
        null,
        1,
        0,
        null,
        null,
        1,
        0,
        null,
        null,
        1,
        0,
        null,
        null,
        1,
        0,
        null,
        null,
        1,
        0,
        null,
        null,
        1,
        66,
        null,
        null,
        1,
        66,
        null,
        null,
        1,
        0,
        null,
        null,
        null,
        null,
        null,
        null,
        null,
        null,
        null,
        null,
        null,
        null,
        null,
        null,
        null,
        null,
        null,
        null,
        null,
        null
      ],
      "/home/sarcasm/study/bookstore/app/models/payment_info.rb": [
        1,
        1,
        null,
        1,
        null,
        1,
        1,
        1,
        1,
        1,
        null,
        1,
        null,
        1,
        1,
        1,
        null,
        null,
        null,
        1,
        null,
        null,
        null,
        null,
        1,
        66,
        null,
        null
      ],
      "/home/sarcasm/study/bookstore/app/models/address.rb": [
        1,
        1,
        null,
        null,
        null,
        null,
        1
      ],
      "/home/sarcasm/study/bookstore/app/models/shipment.rb": [
        1,
        1,
        null,
        1,
        1,
        null,
        null,
        null
      ],
      "/home/sarcasm/study/bookstore/app/models/author.rb": [
        1,
        1,
        1,
        null,
        1,
        1,
        null
      ],
      "/home/sarcasm/study/bookstore/app/models/book.rb": [
        1,
        1,
        null,
        1,
        1,
        null,
        1,
        1,
        null,
        1,
        null,
        1,
        1,
        1,
        null,
        null,
        1,
        1,
        null,
        null,
        null,
        null,
        1,
        null,
        1,
        0,
        null,
        null
      ],
      "/home/sarcasm/study/bookstore/app/uploaders/photo_uploader.rb": [
        null,
        null,
        1,
        null,
        null,
        null,
        1,
        null,
        null,
        1,
        null,
        null,
        null,
        null,
        1,
        0,
        null,
        null,
        null,
        null,
        null,
        null,
        null,
        null,
        null,
        null,
        1,
        1,
        null,
        null,
        1,
        1,
        null,
        null,
        1,
        null,
        1,
        0,
        0,
        0,
        0,
        null,
        0,
        null,
        null,
        null,
        null,
        null,
        null,
        null,
        null,
        null,
        null,
        null,
        null,
        null,
        null,
        null,
        null,
        null,
        null,
        null,
        null,
        null
      ],
      "/home/sarcasm/study/bookstore/app/models/category.rb": [
        1,
        1,
        1,
        null,
        1,
        null
      ],
      "/home/sarcasm/study/bookstore/app/models/review.rb": [
        1,
        1,
        1,
        null,
        1,
        1,
        1,
        null,
        null,
        null,
        1,
        null
      ]
    },
    "timestamp": 1456599100
  }
}
