{
  "RSpec": {
    "coverage": {
      "/home/sarcasm/study/bookstore/spec/controllers/checkouts_controller_spec.rb": [
        1,
        null,
        1,
        1,
        1,
        1,
        1,
        1,
        1,
        null,
        null,
        null,
        1,
        1,
        1,
        1,
        1,
        1,
        null,
        null,
        1,
        1,
        1,
        1,
        1,
        1,
        null,
        null,
        null,
        1,
        1,
        1,
        1,
        1,
        1,
        null,
        null,
        null,
        1,
        1,
        1,
        1,
        1,
        1,
        null,
        null,
        null,
        1,
        1,
        2,
        2,
        2,
        2,
        null,
        null,
        1,
        1,
        null,
        1,
        null,
        null,
        1,
        1,
        1,
        null,
        null,
        null,
        1,
        1,
        1,
        1,
        1,
        1,
        1,
        null,
        null,
        1,
        1,
        1,
        1,
        1,
        1,
        null,
        null,
        null
      ],
      "/home/sarcasm/study/bookstore/spec/rails_helper.rb": [
        1,
        1,
        1,
        0,
        null,
        1,
        1,
        1,
        1,
        null,
        2,
        null,
        1,
        1,
        1,
        1,
        1,
        null,
        null,
        null,
        1,
        1,
        1,
        null,
        1,
        1,
        1,
        null,
        null,
        1,
        15,
        15,
        15,
        null,
        15,
        null,
        null,
        1,
        1,
        1,
        null,
        1,
        null,
        null,
        1,
        1,
        1,
        null,
        null,
        null,
        1,
        null
      ],
      "/home/sarcasm/study/bookstore/config/environment.rb": [
        null,
        1,
        null,
        null,
        1
      ],
      "/home/sarcasm/study/bookstore/config/application.rb": [
        1,
        null,
        1,
        null,
        1,
        null,
        1,
        1,
        1,
        null,
        null
      ],
      "/home/sarcasm/study/bookstore/config/boot.rb": [
        1,
        null,
        1
      ],
      "/home/sarcasm/study/bookstore/config/environments/test.rb": [
        1,
        1,
        null,
        null,
        null,
        null,
        null,
        null,
        null,
        1,
        null,
        null,
        null,
        null,
        1,
        null,
        null,
        1,
        1,
        null,
        null,
        1,
        1,
        null,
        null,
        1,
        null,
        null,
        1,
        null,
        null,
        null,
        null,
        1,
        null,
        null,
        1,
        null,
        null,
        1,
        null,
        null,
        null,
        null
      ],
      "/home/sarcasm/study/bookstore/config/initializers/assets.rb": [
        null,
        null,
        null,
        1,
        null,
        null,
        null,
        null,
        null,
        null,
        null,
        null
      ],
      "/home/sarcasm/study/bookstore/config/initializers/backtrace_silencers.rb": [
        null,
        null,
        null,
        null,
        null,
        null,
        null,
        null,
        null
      ],
      "/home/sarcasm/study/bookstore/config/initializers/cookies_serializer.rb": [
        null,
        null,
        1
      ],
      "/home/sarcasm/study/bookstore/config/initializers/devise.rb": [
        null,
        null,
        1,
        null,
        null,
        null,
        null,
        null,
        1,
        null,
        null,
        null,
        null,
        null,
        1,
        null,
        null,
        null,
        null,
        null,
        null,
        null,
        null,
        1,
        null,
        null,
        null,
        null,
        null,
        null,
        null,
        null,
        null,
        null,
        null,
        null,
        null,
        null,
        null,
        null,
        null,
        null,
        null,
        null,
        null,
        1,
        null,
        null,
        null,
        null,
        1,
        null,
        null,
        null,
        null,
        null,
        null,
        null,
        null,
        null,
        null,
        null,
        null,
        null,
        null,
        null,
        null,
        null,
        null,
        null,
        null,
        null,
        null,
        null,
        null,
        null,
        null,
        null,
        null,
        null,
        null,
        1,
        null,
        null,
        null,
        null,
        null,
        null,
        null,
        null,
        null,
        null,
        null,
        null,
        null,
        null,
        null,
        null,
        1,
        null,
        null,
        null,
        null,
        null,
        null,
        null,
        null,
        null,
        null,
        null,
        null,
        null,
        null,
        null,
        null,
        null,
        null,
        null,
        null,
        null,
        null,
        null,
        null,
        null,
        null,
        null,
        1,
        null,
        null,
        null,
        null,
        null,
        null,
        null,
        null,
        null,
        1,
        null,
        null,
        null,
        null,
        null,
        null,
        null,
        null,
        null,
        null,
        1,
        null,
        null,
        null,
        null,
        null,
        null,
        null,
        null,
        null,
        null,
        null,
        null,
        null,
        null,
        null,
        null,
        null,
        null,
        null,
        null,
        null,
        null,
        null,
        null,
        null,
        null,
        null,
        null,
        null,
        null,
        null,
        null,
        null,
        null,
        null,
        null,
        null,
        null,
        null,
        null,
        null,
        null,
        null,
        null,
        null,
        1,
        null,
        null,
        null,
        null,
        null,
        null,
        null,
        null,
        null,
        null,
        null,
        null,
        null,
        null,
        null,
        null,
        null,
        null,
        null,
        null,
        null,
        null,
        null,
        null,
        null,
        null,
        null,
        null,
        null,
        null,
        null,
        null,
        null,
        null,
        null,
        null,
        null,
        null,
        null,
        null,
        null,
        1,
        null,
        null,
        null,
        null,
        null,
        null,
        null,
        null,
        null,
        null,
        null,
        null,
        null,
        null,
        null,
        null,
        null,
        null,
        null,
        null,
        null,
        null,
        null,
        null,
        null,
        null,
        null,
        null,
        null
      ],
      "/home/sarcasm/study/bookstore/config/initializers/filter_parameter_logging.rb": [
        null,
        null,
        null,
        1
      ],
      "/home/sarcasm/study/bookstore/config/initializers/inflections.rb": [
        null,
        null,
        null,
        null,
        null,
        null,
        null,
        null,
        null,
        null,
        null,
        null,
        null,
        null,
        null,
        null
      ],
      "/home/sarcasm/study/bookstore/config/initializers/mime_types.rb": [
        null,
        null,
        null,
        null
      ],
      "/home/sarcasm/study/bookstore/config/initializers/rails_admin.rb": [
        1,
        null,
        null,
        null,
        null,
        null,
        null,
        null,
        null,
        null,
        null,
        null,
        null,
        null,
        null,
        null,
        null,
        null,
        null,
        null,
        null,
        1,
        null,
        1,
        1,
        1,
        1,
        1,
        1,
        1,
        1,
        1,
        1,
        null,
        null,
        null,
        null,
        null,
        null
      ],
      "/home/sarcasm/study/bookstore/config/initializers/session_store.rb": [
        null,
        null,
        1
      ],
      "/home/sarcasm/study/bookstore/config/initializers/wrap_parameters.rb": [
        null,
        null,
        null,
        null,
        null,
        null,
        null,
        1,
        1,
        null,
        null,
        null,
        null,
        null,
        null
      ],
      "/home/sarcasm/study/bookstore/config/routes.rb": [
        1,
        1,
        1,
        1,
        null,
        1,
        1,
        null,
        1,
        1,
        1,
        1,
        null,
        1,
        null,
        1,
        1,
        1,
        1,
        1,
        1,
        null,
        null,
        1,
        null
      ],
      "/home/sarcasm/study/bookstore/app/models/user.rb": [
        1,
        null,
        null,
        1,
        null,
        null,
        1,
        1,
        null,
        1,
        1,
        1,
        null,
        1,
        null,
        1,
        0,
        null,
        null,
        1,
        0,
        null,
        null
      ],
      "/home/sarcasm/study/bookstore/app/helpers/application_helper.rb": [
        1,
        1,
        0,
        null,
        0,
        0,
        null,
        0,
        0,
        null,
        null
      ],
      "/home/sarcasm/study/bookstore/app/helpers/books_helper.rb": [
        1,
        1,
        0,
        null,
        null,
        1,
        0,
        0,
        null,
        0,
        null,
        null
      ],
      "/home/sarcasm/study/bookstore/app/helpers/checkouts_helper.rb": [
        1,
        null
      ],
      "/home/sarcasm/study/bookstore/app/helpers/devise_helper.rb": [
        1,
        1,
        0,
        null,
        null,
        null,
        null,
        1,
        null,
        0,
        0,
        0,
        null,
        null,
        null,
        1,
        0,
        null,
        null,
        null,
        null,
        1,
        0,
        null,
        null,
        null,
        null,
        1,
        0,
        null,
        null,
        null,
        null,
        null,
        null,
        null,
        null,
        1,
        0,
        null,
        null,
        1,
        0,
        null,
        null,
        1,
        0,
        null,
        null,
        1,
        null,
        1,
        0,
        null,
        null,
        1,
        0,
        null,
        null,
        null,
        null,
        0,
        null,
        null,
        1,
        0,
        null,
        null,
        1,
        0,
        null,
        null,
        1,
        0,
        null,
        null
      ],
      "/home/sarcasm/study/bookstore/app/helpers/orders_helper.rb": [
        1,
        1,
        0,
        null,
        0,
        0,
        0,
        null,
        null,
        null,
        null,
        1,
        0,
        null,
        null,
        null,
        null,
        null,
        null,
        null,
        null,
        null,
        1,
        0,
        null,
        null,
        null,
        null,
        null,
        null,
        1,
        null,
        0,
        0,
        null,
        null,
        1,
        null,
        1,
        0,
        null,
        null,
        1,
        0,
        null,
        null
      ],
      "/home/sarcasm/study/bookstore/app/helpers/reviews_helper.rb": [
        1,
        null
      ],
      "/home/sarcasm/study/bookstore/app/helpers/shopping_carts_helper.rb": [
        1,
        1,
        0,
        0,
        null,
        null,
        null
      ],
      "/home/sarcasm/study/bookstore/spec/matchers/currency_validator.rb": [
        1,
        0,
        0,
        0,
        0,
        0,
        null,
        null,
        0,
        0,
        0,
        0,
        null,
        0,
        0,
        0,
        null,
        null,
        0,
        null,
        null,
        0,
        0,
        null,
        null
      ],
      "/home/sarcasm/study/bookstore/spec/support/view_helper.rb": [
        1,
        0,
        null
      ],
      "/home/sarcasm/study/bookstore/app/controllers/checkouts_controller.rb": [
        1,
        null,
        1,
        null,
        1,
        1,
        null,
        null,
        1,
        2,
        2,
        null,
        null,
        1,
        1,
        null,
        null,
        1,
        1,
        null,
        null,
        1,
        2,
        2,
        2,
        1,
        null,
        1,
        null,
        null,
        null,
        1,
        2,
        2,
        2,
        null,
        null,
        1,
        null,
        1,
        9,
        9,
        null,
        null,
        1,
        9,
        9,
        null,
        null,
        1,
        9,
        0,
        null,
        null,
        null,
        1,
        2,
        null,
        null,
        null,
        null,
        null,
        null,
        null,
        null,
        null,
        null,
        null,
        null,
        null,
        null,
        null,
        null,
        null,
        null,
        null,
        null,
        null,
        null,
        null,
        null,
        null,
        null,
        null,
        null,
        null,
        null,
        1,
        1,
        null,
        1,
        null,
        0,
        null,
        0,
        null,
        null,
        null
      ],
      "/home/sarcasm/study/bookstore/app/controllers/application_controller.rb": [
        1,
        null,
        null,
        1,
        null,
        1,
        0,
        null,
        1,
        null
      ],
      "/home/sarcasm/study/bookstore/spec/routing/checkouts_routing_spec.rb": [
        1,
        null,
        1,
        1,
        1,
        null,
        null,
        null,
        null,
        null,
        null,
        1,
        1,
        null,
        null,
        null,
        null,
        null,
        null,
        1,
        1,
        null,
        null,
        null,
        null,
        null,
        null,
        1,
        1,
        null,
        null,
        null,
        null,
        null,
        null,
        1,
        1,
        null,
        null,
        null,
        null,
        null,
        null,
        1,
        1,
        null,
        null,
        null,
        null,
        null,
        null
      ],
      "/home/sarcasm/study/bookstore/spec/factories/address.rb": [
        1,
        1,
        55,
        55,
        55,
        55,
        55,
        55,
        55,
        null,
        null
      ],
      "/home/sarcasm/study/bookstore/spec/factories/author.rb": [
        1,
        1,
        1,
        1,
        null,
        null,
        1,
        1,
        1,
        1,
        1,
        null,
        1,
        0,
        0,
        null,
        null,
        null,
        1,
        0,
        0,
        null,
        null,
        null,
        null,
        null
      ],
      "/home/sarcasm/study/bookstore/spec/factories/book.rb": [
        1,
        1,
        1,
        1,
        1,
        null,
        null,
        1,
        1,
        1,
        1,
        1,
        null,
        1,
        0,
        0,
        null,
        null,
        null,
        0,
        0,
        null,
        null,
        null,
        null,
        1,
        0,
        0,
        null,
        null,
        null,
        0,
        0,
        null,
        null,
        null,
        null,
        null
      ],
      "/home/sarcasm/study/bookstore/spec/factories/category.rb": [
        1,
        1,
        1,
        1,
        null,
        null
      ],
      "/home/sarcasm/study/bookstore/spec/factories/coupon.rb": [
        1,
        1,
        1,
        1,
        null,
        null
      ],
      "/home/sarcasm/study/bookstore/spec/factories/order.rb": [
        1,
        1,
        1,
        1,
        1,
        1,
        1,
        null,
        null
      ],
      "/home/sarcasm/study/bookstore/spec/factories/order_item.rb": [
        1,
        1,
        1,
        1,
        1,
        null,
        null
      ],
      "/home/sarcasm/study/bookstore/spec/factories/payment_info.rb": [
        1,
        1,
        1,
        154,
        10,
        10,
        10,
        null,
        null
      ],
      "/home/sarcasm/study/bookstore/spec/factories/review.rb": [
        1,
        1,
        1,
        1,
        1,
        1,
        1,
        null,
        null
      ],
      "/home/sarcasm/study/bookstore/spec/factories/shipment.rb": [
        1,
        1,
        11,
        11,
        null,
        null
      ],
      "/home/sarcasm/study/bookstore/spec/factories/user.rb": [
        1,
        1,
        19,
        19,
        19,
        1,
        1,
        null,
        null
      ],
      "/home/sarcasm/study/bookstore/app/models/address.rb": [
        1,
        1,
        null,
        null,
        null,
        null,
        1
      ],
      "/home/sarcasm/study/bookstore/app/models/order.rb": [
        1,
        1,
        null,
        1,
        null,
        1,
        null,
        1,
        1,
        1,
        1,
        1,
        1,
        null,
        1,
        12,
        12,
        null,
        null,
        1,
        null,
        1,
        null,
        1,
        1,
        1,
        1,
        1,
        null,
        null,
        1,
        0,
        null,
        null,
        1,
        1,
        1,
        1,
        1,
        1,
        null,
        1,
        1,
        null,
        null,
        1,
        1,
        null,
        null,
        1,
        1,
        null,
        null,
        1,
        1,
        null,
        null,
        null,
        1,
        0,
        0,
        0,
        0,
        0,
        0,
        0,
        0,
        null,
        null,
        1,
        0,
        0,
        null,
        null,
        null,
        1,
        0,
        null,
        null,
        1,
        0,
        null,
        null,
        1,
        0,
        null,
        null,
        1,
        0,
        null,
        null,
        1,
        0,
        null,
        null,
        1,
        0,
        null,
        null,
        1,
        0,
        null,
        null,
        1,
        0,
        null,
        null,
        1,
        31,
        null,
        null,
        1,
        30,
        null,
        null,
        1,
        6,
        null,
        null,
        null,
        null,
        null,
        null,
        null,
        null,
        null,
        null,
        null,
        null,
        null,
        null,
        null,
        null,
        null,
        null,
        null,
        null
      ],
      "/home/sarcasm/study/bookstore/app/models/payment_info.rb": [
        1,
        1,
        null,
        1,
        null,
        1,
        1,
        1,
        1,
        1,
        null,
        1,
        null,
        1,
        1,
        1,
        null,
        null,
        null,
        1,
        null,
        null,
        null,
        null,
        1,
        20,
        null,
        null
      ],
      "/home/sarcasm/study/bookstore/app/models/shipment.rb": [
        1,
        1,
        null,
        1,
        1,
        null,
        null,
        null
      ],
      "/home/sarcasm/study/bookstore/app/models/coupon.rb": [
        1,
        1,
        1,
        null,
        null,
        null
      ]
    },
    "timestamp": 1456062594
  }
}
